#
# There is insufficient memory for the Java Runtime Environment to continue.
# Native memory allocation (malloc) failed to allocate 249936 bytes for Chunk::new
# Possible reasons:
#   The system is out of physical RAM or swap space
#   The process is running with CompressedOops enabled, and the Java Heap may be blocking the growth of the native heap
# Possible solutions:
#   Reduce memory load on the system
#   Increase physical memory or swap space
#   Check if swap backing store is full
#   Decrease Java heap size (-Xmx/-Xms)
#   Decrease number of Java threads
#   Decrease Java thread stack sizes (-Xss)
#   Set larger code cache with -XX:ReservedCodeCacheSize=
#   JVM is running with Unscaled Compressed Oops mode in which the Java heap is
#     placed in the first 4GB address space. The Java Heap base address is the
#     maximum limit for the native heap growth. Please use -XX:HeapBaseMinAddress
#     to set the Java Heap base and to place the Java Heap above 4GB virtual address.
# This output file may be truncated or incomplete.
#
#  Out of Memory Error (arena.cpp:189), pid=5312, tid=14484
#
# JRE version: OpenJDK Runtime Environment Temurin-17.0.8.1+1 (17.0.8.1+1) (build 17.0.8.1+1)
# Java VM: OpenJDK 64-Bit Server VM Temurin-17.0.8.1+1 (17.0.8.1+1, mixed mode, tiered, compressed oops, compressed class ptrs, g1 gc, windows-amd64)
# No core dump will be written. Minidumps are not enabled by default on client versions of Windows
#

---------------  S U M M A R Y ------------

Command Line: -Dfile.encoding=UTF-8 -Dstdout.encoding=UTF-8 -Dstderr.encoding=UTF-8 --module-path=C:\Users\Ent001\eclipse-workspace\BoulderDash\BoulderDash\bin -XX:+ShowCodeDetailsInExceptionMessages -Djdk.module.main=BoulderDash BoulderDash/main.Main

Host: Intel(R) Xeon(R) Gold 6240R CPU @ 2.40GHz, 2 cores, 5G,  Windows 10 , 64 bit Build 19041 (10.0.19041.3393)
Time: Mon Dec  4 13:32:19 2023 W. Europe Standard Time elapsed time: 1.832443 seconds (0d 0h 0m 1s)

---------------  T H R E A D  ---------------

Current thread (0x000001d8a8c1b950):  JavaThread "C2 CompilerThread0" daemon [_thread_in_native, id=14484, stack(0x0000008fa3400000,0x0000008fa3500000)]


Current CompileTask:
C2:   1832  978   !   4       sun.java2d.pipe.DrawImage::renderImageScale (158 bytes)

Stack: [0x0000008fa3400000,0x0000008fa3500000]
Native frames: (J=compiled Java code, j=interpreted, Vv=VM code, C=native code)
V  [jvm.dll+0x678b0a]
V  [jvm.dll+0x835e84]
V  [jvm.dll+0x83762e]
V  [jvm.dll+0x837c93]
V  [jvm.dll+0x24746f]
V  [jvm.dll+0xac20c]
V  [jvm.dll+0xac7dc]
V  [jvm.dll+0x2ae7af]
V  [jvm.dll+0x581427]
V  [jvm.dll+0x222602]
V  [jvm.dll+0x21b2bf]
V  [jvm.dll+0x218f0b]
V  [jvm.dll+0x1a534d]
V  [jvm.dll+0x228d8a]
V  [jvm.dll+0x226dcc]
V  [jvm.dll+0x7ec09b]
V  [jvm.dll+0x7e64ca]
V  [jvm.dll+0x677955]
C  [ucrtbase.dll+0x21bb2]
C  [KERNEL32.DLL+0x17344]
C  [ntdll.dll+0x526b1]


---------------  P R O C E S S  ---------------

Threads class SMR info:
_java_thread_list=0x000001d8ada6c430, length=20, elements={
0x000001d8a8bc6340, 0x000001d8a8be00a0, 0x000001d8a8c16e00, 0x000001d8a8c178d0,
0x000001d8a8c1a2a0, 0x000001d8a8c1ac60, 0x000001d8a8c1b950, 0x000001d8ad063bf0,
0x000001d8ad068ca0, 0x000001d8a8b5ec60, 0x000001d8ad2b59c0, 0x000001d8ad2f9860,
0x000001d8ad2f9d40, 0x000001d8ad2fa220, 0x000001d8ad6c3bb0, 0x000001d8ad6c40c0,
0x000001d8ad6c0e20, 0x000001d8ad6c1d50, 0x000001d8ad6c2260, 0x000001d8ad6c36a0
}

Java Threads: ( => current thread )
  0x000001d8a8bc6340 JavaThread "Reference Handler" daemon [_thread_blocked, id=14472, stack(0x0000008fa2e00000,0x0000008fa2f00000)]
  0x000001d8a8be00a0 JavaThread "Finalizer" daemon [_thread_blocked, id=13552, stack(0x0000008fa2f00000,0x0000008fa3000000)]
  0x000001d8a8c16e00 JavaThread "Signal Dispatcher" daemon [_thread_blocked, id=14440, stack(0x0000008fa3000000,0x0000008fa3100000)]
  0x000001d8a8c178d0 JavaThread "Attach Listener" daemon [_thread_blocked, id=14252, stack(0x0000008fa3100000,0x0000008fa3200000)]
  0x000001d8a8c1a2a0 JavaThread "Service Thread" daemon [_thread_blocked, id=14508, stack(0x0000008fa3200000,0x0000008fa3300000)]
  0x000001d8a8c1ac60 JavaThread "Monitor Deflation Thread" daemon [_thread_blocked, id=14124, stack(0x0000008fa3300000,0x0000008fa3400000)]
=>0x000001d8a8c1b950 JavaThread "C2 CompilerThread0" daemon [_thread_in_native, id=14484, stack(0x0000008fa3400000,0x0000008fa3500000)]
  0x000001d8ad063bf0 JavaThread "C1 CompilerThread0" daemon [_thread_blocked, id=14824, stack(0x0000008fa3500000,0x0000008fa3600000)]
  0x000001d8ad068ca0 JavaThread "Sweeper thread" daemon [_thread_blocked, id=14132, stack(0x0000008fa3600000,0x0000008fa3700000)]
  0x000001d8a8b5ec60 JavaThread "Common-Cleaner" daemon [_thread_blocked, id=116, stack(0x0000008fa3700000,0x0000008fa3800000)]
  0x000001d8ad2b59c0 JavaThread "Notification Thread" daemon [_thread_blocked, id=9784, stack(0x0000008fa3800000,0x0000008fa3900000)]
  0x000001d8ad2f9860 JavaThread "Java2D Disposer" daemon [_thread_blocked, id=5572, stack(0x0000008fa3a00000,0x0000008fa3b00000)]
  0x000001d8ad2f9d40 JavaThread "AWT-Shutdown" [_thread_blocked, id=2976, stack(0x0000008fa3b00000,0x0000008fa3c00000)]
  0x000001d8ad2fa220 JavaThread "AWT-Windows" daemon [_thread_in_native, id=584, stack(0x0000008fa3c00000,0x0000008fa3d00000)]
  0x000001d8ad6c3bb0 JavaThread "AWT-EventQueue-0" [_thread_blocked, id=15180, stack(0x0000008fa3f00000,0x0000008fa4000000)]
  0x000001d8ad6c40c0 JavaThread "Thread-0" [_thread_in_Java, id=15132, stack(0x0000008fa4000000,0x0000008fa4100000)]
  0x000001d8ad6c0e20 JavaThread "D3D Screen Updater" daemon [_thread_in_native, id=14752, stack(0x0000008fa4300000,0x0000008fa4400000)]
  0x000001d8ad6c1d50 JavaThread "Java Sound Event Dispatcher" daemon [_thread_blocked, id=7948, stack(0x0000008fa4400000,0x0000008fa4500000)]
  0x000001d8ad6c2260 JavaThread "Direct Clip" daemon [_thread_in_native, id=11232, stack(0x0000008fa4800000,0x0000008fa4900000)]
  0x000001d8ad6c36a0 JavaThread "DestroyJavaVM" [_thread_blocked, id=10316, stack(0x0000008fa2600000,0x0000008fa2700000)]

Other Threads:
  0x000001d8a8bc29a0 VMThread "VM Thread" [stack: 0x0000008fa2d00000,0x0000008fa2e00000] [id=14528]
  0x000001d8ad2b5ea0 WatcherThread [stack: 0x0000008fa3900000,0x0000008fa3a00000] [id=8352]
  0x000001d890ba46f0 GCTaskThread "GC Thread#0" [stack: 0x0000008fa2800000,0x0000008fa2900000] [id=4176]
  0x000001d8ad871940 GCTaskThread "GC Thread#1" [stack: 0x0000008fa3e00000,0x0000008fa3f00000] [id=15216]
  0x000001d890bb1640 ConcurrentGCThread "G1 Main Marker" [stack: 0x0000008fa2900000,0x0000008fa2a00000] [id=9976]
  0x000001d890bb3d10 ConcurrentGCThread "G1 Conc#0" [stack: 0x0000008fa2a00000,0x0000008fa2b00000] [id=13976]
  0x000001d890c0ab40 ConcurrentGCThread "G1 Refine#0" [stack: 0x0000008fa2b00000,0x0000008fa2c00000] [id=4384]
  0x000001d890c0c220 ConcurrentGCThread "G1 Service" [stack: 0x0000008fa2c00000,0x0000008fa2d00000] [id=10284]

Threads with active compile tasks:
C2 CompilerThread0     1911  978   !   4       sun.java2d.pipe.DrawImage::renderImageScale (158 bytes)

VM state: not at safepoint (normal execution)

VM Mutex/Monitor currently owned by a thread: None

OutOfMemory and StackOverflow Exception counts:
OutOfMemoryError java_heap_errors=1
LinkageErrors=9

Heap address: 0x00000000a0000000, size: 1536 MB, Compressed Oops mode: 32-bit

CDS archive(s) not mapped
Compressed class space mapped at: 0x0000000100000000-0x0000000140000000, reserved size: 1073741824
Narrow klass base: 0x0000000000000000, Narrow klass shift: 3, Narrow klass range: 0x140000000

GC Precious Log:
 CPUs: 2 total, 2 available
 Memory: 6143M
 Large Page Support: Disabled
 NUMA Support: Disabled
 Compressed Oops: Enabled (32-bit)
 Heap Region Size: 1M
 Heap Min Capacity: 8M
 Heap Initial Capacity: 96M
 Heap Max Capacity: 1536M
 Pre-touch: Disabled
 Parallel Workers: 2
 Concurrent Workers: 1
 Concurrent Refinement Workers: 2
 Periodic GC: Disabled

Heap:
 garbage-first heap   total 98304K, used 14972K [0x00000000a0000000, 0x0000000100000000)
  region size 1024K, 6 young (6144K), 1 survivors (1024K)
 Metaspace       used 14893K, committed 15040K, reserved 1114112K
  class space    used 1493K, committed 1536K, reserved 1048576K

Heap Regions: E=young(eden), S=young(survivor), O=old, HS=humongous(starts), HC=humongous(continues), CS=collection set, F=free, OA=open archive, CA=closed archive, TAMS=top-at-mark-start (previous, next)
|   0|0x00000000a0000000, 0x00000000a009f200, 0x00000000a0100000| 62%| O|  |TAMS 0x00000000a0000000, 0x00000000a0000000| Untracked 
|   1|0x00000000a0100000, 0x00000000a0200000, 0x00000000a0200000|100%|HS|  |TAMS 0x00000000a0100000, 0x00000000a0100000| Complete 
|   2|0x00000000a0200000, 0x00000000a0300000, 0x00000000a0300000|100%|HC|  |TAMS 0x00000000a0200000, 0x00000000a0200000| Complete 
|   3|0x00000000a0300000, 0x00000000a0400000, 0x00000000a0400000|100%|HC|  |TAMS 0x00000000a0300000, 0x00000000a0300000| Complete 
|   4|0x00000000a0400000, 0x00000000a0500000, 0x00000000a0500000|100%|HC|  |TAMS 0x00000000a0400000, 0x00000000a0400000| Complete 
|   5|0x00000000a0500000, 0x00000000a0600000, 0x00000000a0600000|100%|HC|  |TAMS 0x00000000a0500000, 0x00000000a0500000| Complete 
|   6|0x00000000a0600000, 0x00000000a0700000, 0x00000000a0700000|100%|HC|  |TAMS 0x00000000a0600000, 0x00000000a0600000| Complete 
|   7|0x00000000a0700000, 0x00000000a0800000, 0x00000000a0800000|100%|HC|  |TAMS 0x00000000a0700000, 0x00000000a0700000| Complete 
|   8|0x00000000a0800000, 0x00000000a0900000, 0x00000000a0900000|100%|HC|  |TAMS 0x00000000a0800000, 0x00000000a0800000| Complete 
|   9|0x00000000a0900000, 0x00000000a0a00000, 0x00000000a0a00000|100%|HC|  |TAMS 0x00000000a0900000, 0x00000000a0900000| Complete 
|  10|0x00000000a0a00000, 0x00000000a0b00000, 0x00000000a0b00000|100%|HC|  |TAMS 0x00000000a0a00000, 0x00000000a0a00000| Complete 
|  11|0x00000000a0b00000, 0x00000000a0b00000, 0x00000000a0c00000|  0%| F|  |TAMS 0x00000000a0b00000, 0x00000000a0b00000| Untracked 
|  12|0x00000000a0c00000, 0x00000000a0c00000, 0x00000000a0d00000|  0%| F|  |TAMS 0x00000000a0c00000, 0x00000000a0c00000| Untracked 
|  13|0x00000000a0d00000, 0x00000000a0d00000, 0x00000000a0e00000|  0%| F|  |TAMS 0x00000000a0d00000, 0x00000000a0d00000| Untracked 
|  14|0x00000000a0e00000, 0x00000000a0e00000, 0x00000000a0f00000|  0%| F|  |TAMS 0x00000000a0e00000, 0x00000000a0e00000| Untracked 
|  15|0x00000000a0f00000, 0x00000000a0f00000, 0x00000000a1000000|  0%| F|  |TAMS 0x00000000a0f00000, 0x00000000a0f00000| Untracked 
|  16|0x00000000a1000000, 0x00000000a1000000, 0x00000000a1100000|  0%| F|  |TAMS 0x00000000a1000000, 0x00000000a1000000| Untracked 
|  17|0x00000000a1100000, 0x00000000a1100000, 0x00000000a1200000|  0%| F|  |TAMS 0x00000000a1100000, 0x00000000a1100000| Untracked 
|  18|0x00000000a1200000, 0x00000000a1200000, 0x00000000a1300000|  0%| F|  |TAMS 0x00000000a1200000, 0x00000000a1200000| Untracked 
|  19|0x00000000a1300000, 0x00000000a1300000, 0x00000000a1400000|  0%| F|  |TAMS 0x00000000a1300000, 0x00000000a1300000| Untracked 
|  20|0x00000000a1400000, 0x00000000a1400000, 0x00000000a1500000|  0%| F|  |TAMS 0x00000000a1400000, 0x00000000a1400000| Untracked 
|  21|0x00000000a1500000, 0x00000000a1500000, 0x00000000a1600000|  0%| F|  |TAMS 0x00000000a1500000, 0x00000000a1500000| Untracked 
|  22|0x00000000a1600000, 0x00000000a1600000, 0x00000000a1700000|  0%| F|  |TAMS 0x00000000a1600000, 0x00000000a1600000| Untracked 
|  23|0x00000000a1700000, 0x00000000a1700000, 0x00000000a1800000|  0%| F|  |TAMS 0x00000000a1700000, 0x00000000a1700000| Untracked 
|  24|0x00000000a1800000, 0x00000000a1800000, 0x00000000a1900000|  0%| F|  |TAMS 0x00000000a1800000, 0x00000000a1800000| Untracked 
|  25|0x00000000a1900000, 0x00000000a1900000, 0x00000000a1a00000|  0%| F|  |TAMS 0x00000000a1900000, 0x00000000a1900000| Untracked 
|  26|0x00000000a1a00000, 0x00000000a1a00000, 0x00000000a1b00000|  0%| F|  |TAMS 0x00000000a1a00000, 0x00000000a1a00000| Untracked 
|  27|0x00000000a1b00000, 0x00000000a1b00000, 0x00000000a1c00000|  0%| F|  |TAMS 0x00000000a1b00000, 0x00000000a1b00000| Untracked 
|  28|0x00000000a1c00000, 0x00000000a1c00000, 0x00000000a1d00000|  0%| F|  |TAMS 0x00000000a1c00000, 0x00000000a1c00000| Untracked 
|  29|0x00000000a1d00000, 0x00000000a1d00000, 0x00000000a1e00000|  0%| F|  |TAMS 0x00000000a1d00000, 0x00000000a1d00000| Untracked 
|  30|0x00000000a1e00000, 0x00000000a1e00000, 0x00000000a1f00000|  0%| F|  |TAMS 0x00000000a1e00000, 0x00000000a1e00000| Untracked 
|  31|0x00000000a1f00000, 0x00000000a1f00000, 0x00000000a2000000|  0%| F|  |TAMS 0x00000000a1f00000, 0x00000000a1f00000| Untracked 
|  32|0x00000000a2000000, 0x00000000a2000000, 0x00000000a2100000|  0%| F|  |TAMS 0x00000000a2000000, 0x00000000a2000000| Untracked 
|  33|0x00000000a2100000, 0x00000000a2100000, 0x00000000a2200000|  0%| F|  |TAMS 0x00000000a2100000, 0x00000000a2100000| Untracked 
|  34|0x00000000a2200000, 0x00000000a2200000, 0x00000000a2300000|  0%| F|  |TAMS 0x00000000a2200000, 0x00000000a2200000| Untracked 
|  35|0x00000000a2300000, 0x00000000a2300000, 0x00000000a2400000|  0%| F|  |TAMS 0x00000000a2300000, 0x00000000a2300000| Untracked 
|  36|0x00000000a2400000, 0x00000000a2400000, 0x00000000a2500000|  0%| F|  |TAMS 0x00000000a2400000, 0x00000000a2400000| Untracked 
|  37|0x00000000a2500000, 0x00000000a2500000, 0x00000000a2600000|  0%| F|  |TAMS 0x00000000a2500000, 0x00000000a2500000| Untracked 
|  38|0x00000000a2600000, 0x00000000a2600000, 0x00000000a2700000|  0%| F|  |TAMS 0x00000000a2600000, 0x00000000a2600000| Untracked 
|  39|0x00000000a2700000, 0x00000000a2700000, 0x00000000a2800000|  0%| F|  |TAMS 0x00000000a2700000, 0x00000000a2700000| Untracked 
|  40|0x00000000a2800000, 0x00000000a2800000, 0x00000000a2900000|  0%| F|  |TAMS 0x00000000a2800000, 0x00000000a2800000| Untracked 
|  41|0x00000000a2900000, 0x00000000a2900000, 0x00000000a2a00000|  0%| F|  |TAMS 0x00000000a2900000, 0x00000000a2900000| Untracked 
|  42|0x00000000a2a00000, 0x00000000a2a00000, 0x00000000a2b00000|  0%| F|  |TAMS 0x00000000a2a00000, 0x00000000a2a00000| Untracked 
|  43|0x00000000a2b00000, 0x00000000a2b00000, 0x00000000a2c00000|  0%| F|  |TAMS 0x00000000a2b00000, 0x00000000a2b00000| Untracked 
|  44|0x00000000a2c00000, 0x00000000a2c00000, 0x00000000a2d00000|  0%| F|  |TAMS 0x00000000a2c00000, 0x00000000a2c00000| Untracked 
|  45|0x00000000a2d00000, 0x00000000a2d00000, 0x00000000a2e00000|  0%| F|  |TAMS 0x00000000a2d00000, 0x00000000a2d00000| Untracked 
|  46|0x00000000a2e00000, 0x00000000a2e00000, 0x00000000a2f00000|  0%| F|  |TAMS 0x00000000a2e00000, 0x00000000a2e00000| Untracked 
|  47|0x00000000a2f00000, 0x00000000a2f00000, 0x00000000a3000000|  0%| F|  |TAMS 0x00000000a2f00000, 0x00000000a2f00000| Untracked 
|  48|0x00000000a3000000, 0x00000000a3000000, 0x00000000a3100000|  0%| F|  |TAMS 0x00000000a3000000, 0x00000000a3000000| Untracked 
|  49|0x00000000a3100000, 0x00000000a3100000, 0x00000000a3200000|  0%| F|  |TAMS 0x00000000a3100000, 0x00000000a3100000| Untracked 
|  50|0x00000000a3200000, 0x00000000a3200000, 0x00000000a3300000|  0%| F|  |TAMS 0x00000000a3200000, 0x00000000a3200000| Untracked 
|  51|0x00000000a3300000, 0x00000000a3300000, 0x00000000a3400000|  0%| F|  |TAMS 0x00000000a3300000, 0x00000000a3300000| Untracked 
|  52|0x00000000a3400000, 0x00000000a3400000, 0x00000000a3500000|  0%| F|  |TAMS 0x00000000a3400000, 0x00000000a3400000| Untracked 
|  53|0x00000000a3500000, 0x00000000a3500000, 0x00000000a3600000|  0%| F|  |TAMS 0x00000000a3500000, 0x00000000a3500000| Untracked 
|  54|0x00000000a3600000, 0x00000000a3600000, 0x00000000a3700000|  0%| F|  |TAMS 0x00000000a3600000, 0x00000000a3600000| Untracked 
|  55|0x00000000a3700000, 0x00000000a3700000, 0x00000000a3800000|  0%| F|  |TAMS 0x00000000a3700000, 0x00000000a3700000| Untracked 
|  56|0x00000000a3800000, 0x00000000a3800000, 0x00000000a3900000|  0%| F|  |TAMS 0x00000000a3800000, 0x00000000a3800000| Untracked 
|  57|0x00000000a3900000, 0x00000000a3900000, 0x00000000a3a00000|  0%| F|  |TAMS 0x00000000a3900000, 0x00000000a3900000| Untracked 
|  58|0x00000000a3a00000, 0x00000000a3a00000, 0x00000000a3b00000|  0%| F|  |TAMS 0x00000000a3a00000, 0x00000000a3a00000| Untracked 
|  59|0x00000000a3b00000, 0x00000000a3b00000, 0x00000000a3c00000|  0%| F|  |TAMS 0x00000000a3b00000, 0x00000000a3b00000| Untracked 
|  60|0x00000000a3c00000, 0x00000000a3c00000, 0x00000000a3d00000|  0%| F|  |TAMS 0x00000000a3c00000, 0x00000000a3c00000| Untracked 
|  61|0x00000000a3d00000, 0x00000000a3d00000, 0x00000000a3e00000|  0%| F|  |TAMS 0x00000000a3d00000, 0x00000000a3d00000| Untracked 
|  62|0x00000000a3e00000, 0x00000000a3e00000, 0x00000000a3f00000|  0%| F|  |TAMS 0x00000000a3e00000, 0x00000000a3e00000| Untracked 
|  63|0x00000000a3f00000, 0x00000000a3f00000, 0x00000000a4000000|  0%| F|  |TAMS 0x00000000a3f00000, 0x00000000a3f00000| Untracked 
|  64|0x00000000a4000000, 0x00000000a4000000, 0x00000000a4100000|  0%| F|  |TAMS 0x00000000a4000000, 0x00000000a4000000| Untracked 
|  65|0x00000000a4100000, 0x00000000a4100000, 0x00000000a4200000|  0%| F|  |TAMS 0x00000000a4100000, 0x00000000a4100000| Untracked 
|  66|0x00000000a4200000, 0x00000000a4200000, 0x00000000a4300000|  0%| F|  |TAMS 0x00000000a4200000, 0x00000000a4200000| Untracked 
|  67|0x00000000a4300000, 0x00000000a4300000, 0x00000000a4400000|  0%| F|  |TAMS 0x00000000a4300000, 0x00000000a4300000| Untracked 
|  68|0x00000000a4400000, 0x00000000a4400000, 0x00000000a4500000|  0%| F|  |TAMS 0x00000000a4400000, 0x00000000a4400000| Untracked 
|  69|0x00000000a4500000, 0x00000000a4500000, 0x00000000a4600000|  0%| F|  |TAMS 0x00000000a4500000, 0x00000000a4500000| Untracked 
|  70|0x00000000a4600000, 0x00000000a4600000, 0x00000000a4700000|  0%| F|  |TAMS 0x00000000a4600000, 0x00000000a4600000| Untracked 
|  71|0x00000000a4700000, 0x00000000a4700000, 0x00000000a4800000|  0%| F|  |TAMS 0x00000000a4700000, 0x00000000a4700000| Untracked 
|  72|0x00000000a4800000, 0x00000000a4800000, 0x00000000a4900000|  0%| F|  |TAMS 0x00000000a4800000, 0x00000000a4800000| Untracked 
|  73|0x00000000a4900000, 0x00000000a4900000, 0x00000000a4a00000|  0%| F|  |TAMS 0x00000000a4900000, 0x00000000a4900000| Untracked 
|  74|0x00000000a4a00000, 0x00000000a4a00000, 0x00000000a4b00000|  0%| F|  |TAMS 0x00000000a4a00000, 0x00000000a4a00000| Untracked 
|  75|0x00000000a4b00000, 0x00000000a4b00000, 0x00000000a4c00000|  0%| F|  |TAMS 0x00000000a4b00000, 0x00000000a4b00000| Untracked 
|  76|0x00000000a4c00000, 0x00000000a4c00000, 0x00000000a4d00000|  0%| F|  |TAMS 0x00000000a4c00000, 0x00000000a4c00000| Untracked 
|  77|0x00000000a4d00000, 0x00000000a4d00000, 0x00000000a4e00000|  0%| F|  |TAMS 0x00000000a4d00000, 0x00000000a4d00000| Untracked 
|  78|0x00000000a4e00000, 0x00000000a4e00000, 0x00000000a4f00000|  0%| F|  |TAMS 0x00000000a4e00000, 0x00000000a4e00000| Untracked 
|  79|0x00000000a4f00000, 0x00000000a4f00000, 0x00000000a5000000|  0%| F|  |TAMS 0x00000000a4f00000, 0x00000000a4f00000| Untracked 
|  80|0x00000000a5000000, 0x00000000a5000000, 0x00000000a5100000|  0%| F|  |TAMS 0x00000000a5000000, 0x00000000a5000000| Untracked 
|  81|0x00000000a5100000, 0x00000000a5100000, 0x00000000a5200000|  0%| F|  |TAMS 0x00000000a5100000, 0x00000000a5100000| Untracked 
|  82|0x00000000a5200000, 0x00000000a5200000, 0x00000000a5300000|  0%| F|  |TAMS 0x00000000a5200000, 0x00000000a5200000| Untracked 
|  83|0x00000000a5300000, 0x00000000a5300000, 0x00000000a5400000|  0%| F|  |TAMS 0x00000000a5300000, 0x00000000a5300000| Untracked 
|  84|0x00000000a5400000, 0x00000000a5400000, 0x00000000a5500000|  0%| F|  |TAMS 0x00000000a5400000, 0x00000000a5400000| Untracked 
|  85|0x00000000a5500000, 0x00000000a5500000, 0x00000000a5600000|  0%| F|  |TAMS 0x00000000a5500000, 0x00000000a5500000| Untracked 
|  86|0x00000000a5600000, 0x00000000a5600000, 0x00000000a5700000|  0%| F|  |TAMS 0x00000000a5600000, 0x00000000a5600000| Untracked 
|  87|0x00000000a5700000, 0x00000000a5700000, 0x00000000a5800000|  0%| F|  |TAMS 0x00000000a5700000, 0x00000000a5700000| Untracked 
|  88|0x00000000a5800000, 0x00000000a5800000, 0x00000000a5900000|  0%| F|  |TAMS 0x00000000a5800000, 0x00000000a5800000| Untracked 
|  89|0x00000000a5900000, 0x00000000a5a00000, 0x00000000a5a00000|100%| S|CS|TAMS 0x00000000a5900000, 0x00000000a5900000| Complete 
|  90|0x00000000a5a00000, 0x00000000a5a00000, 0x00000000a5b00000|  0%| F|  |TAMS 0x00000000a5a00000, 0x00000000a5a00000| Untracked 
|  91|0x00000000a5b00000, 0x00000000a5b74790, 0x00000000a5c00000| 45%| E|  |TAMS 0x00000000a5b00000, 0x00000000a5b00000| Complete 
|  92|0x00000000a5c00000, 0x00000000a5d00000, 0x00000000a5d00000|100%| E|  |TAMS 0x00000000a5c00000, 0x00000000a5c00000| Complete 
|  93|0x00000000a5d00000, 0x00000000a5e00000, 0x00000000a5e00000|100%| E|CS|TAMS 0x00000000a5d00000, 0x00000000a5d00000| Complete 
|  94|0x00000000a5e00000, 0x00000000a5f00000, 0x00000000a5f00000|100%| E|CS|TAMS 0x00000000a5e00000, 0x00000000a5e00000| Complete 
|  95|0x00000000a5f00000, 0x00000000a6000000, 0x00000000a6000000|100%| E|CS|TAMS 0x00000000a5f00000, 0x00000000a5f00000| Complete 

Card table byte_map: [0x000001d8a3210000,0x000001d8a3510000] _byte_map_base: 0x000001d8a2d10000

Marking Bits (Prev, Next): (CMBitMap*) 0x000001d890ba4d10, (CMBitMap*) 0x000001d890ba4d50
 Prev Bits: [0x000001d8a3810000, 0x000001d8a5010000)
 Next Bits: [0x000001d8a5010000, 0x000001d8a6810000)

Polling page: 0x000001d88eb00000

Metaspace:

Usage:
  Non-class:     13.09 MB used.
      Class:      1.46 MB used.
       Both:     14.54 MB used.

Virtual space:
  Non-class space:       64.00 MB reserved,      13.19 MB ( 21%) committed,  1 nodes.
      Class space:        1.00 GB reserved,       1.50 MB ( <1%) committed,  1 nodes.
             Both:        1.06 GB reserved,      14.69 MB (  1%) committed. 

Chunk freelists:
   Non-Class:  2.48 MB
       Class:  14.50 MB
        Both:  16.98 MB

MaxMetaspaceSize: unlimited
CompressedClassSpaceSize: 1.00 GB
Initial GC threshold: 21.00 MB
Current GC threshold: 21.00 MB
CDS: off
MetaspaceReclaimPolicy: balanced
 - commit_granule_bytes: 65536.
 - commit_granule_words: 8192.
 - virtual_space_node_default_size: 8388608.
 - enlarge_chunks_in_place: 1.
 - new_chunks_are_fully_committed: 0.
 - uncommit_free_chunks: 1.
 - use_allocation_guard: 0.
 - handle_deallocations: 1.


Internal statistics:

num_allocs_failed_limit: 0.
num_arena_births: 118.
num_arena_deaths: 0.
num_vsnodes_births: 2.
num_vsnodes_deaths: 0.
num_space_committed: 235.
num_space_uncommitted: 0.
num_chunks_returned_to_freelist: 0.
num_chunks_taken_from_freelist: 185.
num_chunk_merges: 0.
num_chunk_splits: 100.
num_chunks_enlarged: 53.
num_inconsistent_stats: 0.

CodeHeap 'non-profiled nmethods': size=120064Kb used=294Kb max_used=294Kb free=119769Kb
 bounds [0x000001d89bcd0000, 0x000001d89bf40000, 0x000001d8a3210000]
CodeHeap 'profiled nmethods': size=120000Kb used=1613Kb max_used=1613Kb free=118386Kb
 bounds [0x000001d894210000, 0x000001d894480000, 0x000001d89b740000]
CodeHeap 'non-nmethods': size=5696Kb used=1266Kb max_used=1274Kb free=4429Kb
 bounds [0x000001d89b740000, 0x000001d89b9b0000, 0x000001d89bcd0000]
 total_blobs=1579 nmethods=986 adapters=506
 compilation: enabled
              stopped_count=0, restarted_count=0
 full_count=0

Compilation events (20 events):
Event: 1.788 Thread 0x000001d8ad063bf0 nmethod 972 0x000001d89bd18110 code [0x000001d89bd182a0, 0x000001d89bd18378]
Event: 1.805 Thread 0x000001d8ad063bf0  973       1       java.lang.Module::getDescriptor (5 bytes)
Event: 1.806 Thread 0x000001d8ad063bf0 nmethod 973 0x000001d89bd18410 code [0x000001d89bd185a0, 0x000001d89bd18678]
Event: 1.806 Thread 0x000001d8ad063bf0  974       1       java.util.Collections$EmptyIterator::hasNext (2 bytes)
Event: 1.806 Thread 0x000001d8ad063bf0 nmethod 974 0x000001d89bd18710 code [0x000001d89bd188a0, 0x000001d89bd18978]
Event: 1.806 Thread 0x000001d8ad063bf0  975       1       javax.sound.sampled.AudioFormat::getSampleSizeInBits (5 bytes)
Event: 1.806 Thread 0x000001d8ad063bf0 nmethod 975 0x000001d89bd18a10 code [0x000001d89bd18ba0, 0x000001d89bd18c78]
Event: 1.812 Thread 0x000001d8ad063bf0  976       3       tile.TileManager::stoneFall (803 bytes)
Event: 1.813 Thread 0x000001d8a8c1b950  978   !   4       sun.java2d.pipe.DrawImage::renderImageScale (158 bytes)
Event: 1.814 Thread 0x000001d8ad063bf0 nmethod 976 0x000001d89439e690 code [0x000001d89439e920, 0x000001d89439fd58]
Event: 1.814 Thread 0x000001d8ad063bf0  977       3       tile.TileManager::rubinFall (803 bytes)
Event: 1.815 Thread 0x000001d8ad063bf0 nmethod 977 0x000001d8943a0490 code [0x000001d8943a0720, 0x000001d8943a1b58]
Event: 1.825 Thread 0x000001d8ad063bf0  980       3       java.util.Collections$UnmodifiableCollection$1::hasNext (10 bytes)
Event: 1.826 Thread 0x000001d8ad063bf0 nmethod 980 0x000001d8943a2290 code [0x000001d8943a2440, 0x000001d8943a2608]
Event: 1.826 Thread 0x000001d8ad063bf0  981       3       java.util.Collections$UnmodifiableCollection$1::next (10 bytes)
Event: 1.826 Thread 0x000001d8ad063bf0 nmethod 981 0x000001d8943a2710 code [0x000001d8943a28c0, 0x000001d8943a2a88]
Event: 1.826 Thread 0x000001d8ad063bf0  982       3       java.nio.Buffer::remaining (20 bytes)
Event: 1.826 Thread 0x000001d8ad063bf0 nmethod 982 0x000001d8943a2b90 code [0x000001d8943a2d20, 0x000001d8943a2eb8]
Event: 1.826 Thread 0x000001d8ad063bf0  983       3       java.nio.ByteBuffer::flip (7 bytes)
Event: 1.826 Thread 0x000001d8ad063bf0 nmethod 983 0x000001d8943a2f90 code [0x000001d8943a3120, 0x000001d8943a3298]

GC Heap History (2 events):
Event: 1.276 GC heap before
{Heap before GC invocations=0 (full 0):
 garbage-first heap   total 98304K, used 6144K [0x00000000a0000000, 0x0000000100000000)
  region size 1024K, 6 young (6144K), 0 survivors (0K)
 Metaspace       used 12410K, committed 12672K, reserved 1114112K
  class space    used 1198K, committed 1344K, reserved 1048576K
}
Event: 1.284 GC heap after
{Heap after GC invocations=1 (full 0):
 garbage-first heap   total 98304K, used 1660K [0x00000000a0000000, 0x0000000100000000)
  region size 1024K, 1 young (1024K), 1 survivors (1024K)
 Metaspace       used 12410K, committed 12672K, reserved 1114112K
  class space    used 1198K, committed 1344K, reserved 1048576K
}

Dll operation events (9 events):
Event: 0.008 Loaded shared library C:\Users\Ent001\.p2\pool\plugins\org.eclipse.justj.openjdk.hotspot.jre.full.win32.x86_64_17.0.8.v20230831-1047\jre\bin\java.dll
Event: 0.377 Loaded shared library C:\Users\Ent001\.p2\pool\plugins\org.eclipse.justj.openjdk.hotspot.jre.full.win32.x86_64_17.0.8.v20230831-1047\jre\bin\net.dll
Event: 0.379 Loaded shared library C:\Users\Ent001\.p2\pool\plugins\org.eclipse.justj.openjdk.hotspot.jre.full.win32.x86_64_17.0.8.v20230831-1047\jre\bin\nio.dll
Event: 0.482 Loaded shared library C:\Users\Ent001\.p2\pool\plugins\org.eclipse.justj.openjdk.hotspot.jre.full.win32.x86_64_17.0.8.v20230831-1047\jre\bin\jimage.dll
Event: 0.508 Loaded shared library C:\Users\Ent001\.p2\pool\plugins\org.eclipse.justj.openjdk.hotspot.jre.full.win32.x86_64_17.0.8.v20230831-1047\jre\bin\awt.dll
Event: 1.182 Loaded shared library C:\Users\Ent001\.p2\pool\plugins\org.eclipse.justj.openjdk.hotspot.jre.full.win32.x86_64_17.0.8.v20230831-1047\jre\bin\zip.dll
Event: 1.363 Loaded shared library C:\Users\Ent001\.p2\pool\plugins\org.eclipse.justj.openjdk.hotspot.jre.full.win32.x86_64_17.0.8.v20230831-1047\jre\bin\freetype.dll
Event: 1.364 Loaded shared library C:\Users\Ent001\.p2\pool\plugins\org.eclipse.justj.openjdk.hotspot.jre.full.win32.x86_64_17.0.8.v20230831-1047\jre\bin\fontmanager.dll
Event: 1.475 Loaded shared library C:\Users\Ent001\.p2\pool\plugins\org.eclipse.justj.openjdk.hotspot.jre.full.win32.x86_64_17.0.8.v20230831-1047\jre\bin\jsound.dll

Deoptimization events (18 events):
Event: 0.462 Thread 0x000001d890b592f0 Uncommon trap: trap_request=0xffffff45 fr.pc=0x000001d89bcd67dc relative=0x000000000000005c
Event: 0.462 Thread 0x000001d890b592f0 Uncommon trap: reason=unstable_if action=reinterpret pc=0x000001d89bcd67dc method=java.lang.String.isLatin1()Z @ 10 c2
Event: 0.462 Thread 0x000001d890b592f0 DEOPT PACKING pc=0x000001d89bcd67dc sp=0x0000008fa26fe7f0
Event: 0.462 Thread 0x000001d890b592f0 DEOPT UNPACKING pc=0x000001d89b7969a3 sp=0x0000008fa26fe780 mode 2
Event: 0.463 Thread 0x000001d890b592f0 Uncommon trap: trap_request=0xffffff45 fr.pc=0x000001d89bcd85f4 relative=0x0000000000000074
Event: 0.463 Thread 0x000001d890b592f0 Uncommon trap: reason=unstable_if action=reinterpret pc=0x000001d89bcd85f4 method=java.lang.String.isLatin1()Z @ 10 c2
Event: 0.463 Thread 0x000001d890b592f0 DEOPT PACKING pc=0x000001d89bcd85f4 sp=0x0000008fa26ff210
Event: 0.463 Thread 0x000001d890b592f0 DEOPT UNPACKING pc=0x000001d89b7969a3 sp=0x0000008fa26ff150 mode 2
Event: 1.047 Thread 0x000001d890b592f0 Uncommon trap: trap_request=0xffffff45 fr.pc=0x000001d89bcdeaa0 relative=0x00000000000008a0
Event: 1.047 Thread 0x000001d890b592f0 Uncommon trap: reason=unstable_if action=reinterpret pc=0x000001d89bcdeaa0 method=java.util.HashMap.putVal(ILjava/lang/Object;Ljava/lang/Object;ZZ)Ljava/lang/Object; @ 181 c2
Event: 1.047 Thread 0x000001d890b592f0 DEOPT PACKING pc=0x000001d89bcdeaa0 sp=0x0000008fa26fe290
Event: 1.047 Thread 0x000001d890b592f0 DEOPT UNPACKING pc=0x000001d89b7969a3 sp=0x0000008fa26fe240 mode 2
Event: 1.255 Thread 0x000001d890b592f0 DEOPT PACKING pc=0x000001d89421f567 sp=0x0000008fa26fed60
Event: 1.255 Thread 0x000001d890b592f0 DEOPT UNPACKING pc=0x000001d89b797143 sp=0x0000008fa26fe180 mode 0
Event: 1.557 Thread 0x000001d8ad6c40c0 DEOPT PACKING pc=0x000001d8943993f4 sp=0x0000008fa40ff5b0
Event: 1.557 Thread 0x000001d8ad6c40c0 DEOPT UNPACKING pc=0x000001d89b797143 sp=0x0000008fa40fea90 mode 0
Event: 1.631 Thread 0x000001d8ad6c40c0 DEOPT PACKING pc=0x000001d89bd161de sp=0x0000008fa40ff610
Event: 1.631 Thread 0x000001d8ad6c40c0 DEOPT UNPACKING pc=0x000001d89b797143 sp=0x0000008fa40fea90 mode 0

Classes unloaded (0 events):
No events

Classes redefined (0 events):
No events

Internal exceptions (20 events):
Event: 0.536 Thread 0x000001d890b592f0 Exception <a 'java/io/FileNotFoundException'{0x00000000a5d2f810}> (0x00000000a5d2f810) 
thrown [s\src\hotspot\share\prims\jni.cpp, line 516]
Event: 0.590 Thread 0x000001d890b592f0 Exception <a 'java/lang/NoSuchMethodError'{0x00000000a5d6c7f0}: 'java.lang.Object java.lang.invoke.DirectMethodHandle$Holder.invokeStaticInit(java.lang.Object)'> (0x00000000a5d6c7f0) 
thrown [s\src\hotspot\share\interpreter\linkResolver.cpp, line 759]
Event: 0.850 Thread 0x000001d890b592f0 Exception <a 'java/lang/NoSuchMethodError'{0x00000000a5dd5c80}: 'void java.lang.invoke.DirectMethodHandle$Holder.invokeSpecial(java.lang.Object, java.lang.Object, java.lang.Object)'> (0x00000000a5dd5c80) 
thrown [s\src\hotspot\share\interpreter\linkResolver.cpp, line 759]
Event: 0.873 Thread 0x000001d890b592f0 Exception <a 'java/lang/NoSuchMethodError'{0x00000000a5c002e8}: 'java.lang.Object java.lang.invoke.DirectMethodHandle$Holder.newInvokeSpecial(java.lang.Object, java.lang.Object, java.lang.Object, java.lang.Object, java.lang.Object)'> (0x00000000a5c002e8) 
thrown [s\src\hotspot\share\interpreter\linkResolver.cpp, line 759]
Event: 0.875 Thread 0x000001d890b592f0 Exception <a 'java/lang/NoSuchMethodError'{0x00000000a5c0bef8}: 'java.lang.Object java.lang.invoke.DirectMethodHandle$Holder.invokeStatic(java.lang.Object, int, java.lang.Object, java.lang.Object, java.lang.Object, java.lang.Object)'> (0x00000000a5c0bef8) 
thrown [s\src\hotspot\share\interpreter\linkResolver.cpp, line 759]
Event: 0.887 Thread 0x000001d890b592f0 Exception <a 'java/lang/NoSuchMethodError'{0x00000000a5c31998}: 'java.lang.Object java.lang.invoke.DirectMethodHandle$Holder.invokeStatic(java.lang.Object, int, java.lang.Object)'> (0x00000000a5c31998) 
thrown [s\src\hotspot\share\interpreter\linkResolver.cpp, line 759]
Event: 0.977 Thread 0x000001d890b592f0 Exception <a 'java/lang/ClassNotFoundException'{0x00000000a5cea468}: com/sun/swing/internal/plaf/metal/resources/spi/metalProvider> (0x00000000a5cea468) 
thrown [s\src\hotspot\share\classfile\systemDictionary.cpp, line 256]
Event: 0.979 Thread 0x000001d890b592f0 Exception <a 'java/lang/ClassNotFoundException'{0x00000000a5ceebb0}: com/sun/swing/internal/plaf/basic/resources/spi/basicProvider> (0x00000000a5ceebb0) 
thrown [s\src\hotspot\share\classfile\systemDictionary.cpp, line 256]
Event: 1.017 Thread 0x000001d890b592f0 Exception <a 'sun/nio/fs/WindowsException'{0x00000000a5b2a848}> (0x00000000a5b2a848) 
thrown [s\src\hotspot\share\prims\jni.cpp, line 516]
Event: 1.019 Thread 0x000001d890b592f0 Exception <a 'sun/nio/fs/WindowsException'{0x00000000a5b2b7e0}> (0x00000000a5b2b7e0) 
thrown [s\src\hotspot\share\prims\jni.cpp, line 516]
Event: 1.020 Thread 0x000001d890b592f0 Exception <a 'sun/nio/fs/WindowsException'{0x00000000a5b2c700}> (0x00000000a5b2c700) 
thrown [s\src\hotspot\share\prims\jni.cpp, line 516]
Event: 1.020 Thread 0x000001d890b592f0 Exception <a 'sun/nio/fs/WindowsException'{0x00000000a5b2d630}> (0x00000000a5b2d630) 
thrown [s\src\hotspot\share\prims\jni.cpp, line 516]
Event: 1.021 Thread 0x000001d890b592f0 Exception <a 'sun/nio/fs/WindowsException'{0x00000000a5b2e550}> (0x00000000a5b2e550) 
thrown [s\src\hotspot\share\prims\jni.cpp, line 516]
Event: 1.056 Thread 0x000001d890b592f0 Exception <a 'java/lang/NoSuchMethodError'{0x00000000a5b75b50}: 'java.lang.Object java.lang.invoke.DirectMethodHandle$Holder.invokeStaticInit(java.lang.Object, int, int, int, int)'> (0x00000000a5b75b50) 
thrown [s\src\hotspot\share\interpreter\linkResolver.cpp, line 759]
Event: 1.169 Thread 0x000001d890b592f0 Exception <a 'java/lang/NoSuchMethodError'{0x00000000a5bb74e8}: 'java.lang.Object java.lang.invoke.DirectMethodHandle$Holder.invokeStaticInit(java.lang.Object, java.lang.Object, int, int, int, int)'> (0x00000000a5bb74e8) 
thrown [s\src\hotspot\share\interpreter\linkResolver.cpp, line 759]
Event: 1.358 Thread 0x000001d890b592f0 Exception <a 'java/lang/NoSuchMethodError'{0x00000000a5daa440}: 'void java.lang.invoke.DirectMethodHandle$Holder.invokeStaticInit(java.lang.Object)'> (0x00000000a5daa440) 
thrown [s\src\hotspot\share\interpreter\linkResolver.cpp, line 759]
Event: 1.417 Thread 0x000001d890b592f0 Exception <a 'sun/nio/fs/WindowsException'{0x00000000a5c16f68}> (0x00000000a5c16f68) 
thrown [s\src\hotspot\share\prims\jni.cpp, line 516]
Event: 1.469 Thread 0x000001d890b592f0 Exception <a 'sun/nio/fs/WindowsException'{0x00000000a5c22d40}> (0x00000000a5c22d40) 
thrown [s\src\hotspot\share\prims\jni.cpp, line 516]
Event: 1.777 Thread 0x000001d890b592f0 Exception <a 'sun/nio/fs/WindowsException'{0x00000000a5c36e90}> (0x00000000a5c36e90) 
thrown [s\src\hotspot\share\prims\jni.cpp, line 516]
Event: 1.825 Thread 0x000001d890b592f0 Exception <a 'java/lang/OutOfMemoryError'{0x00000000a5ccb108}> (0x00000000a5ccb108) 
thrown [s\src\hotspot\share\prims\jni.cpp, line 535]

VM Operations (14 events):
Event: 0.438 Executing VM operation: HandshakeAllThreads
Event: 0.438 Executing VM operation: HandshakeAllThreads done
Event: 1.002 Executing VM operation: HandshakeAllThreads
Event: 1.002 Executing VM operation: HandshakeAllThreads done
Event: 1.071 Executing VM operation: HandshakeAllThreads
Event: 1.071 Executing VM operation: HandshakeAllThreads done
Event: 1.276 Executing VM operation: G1CollectForAllocation
Event: 1.284 Executing VM operation: G1CollectForAllocation done
Event: 1.395 Executing VM operation: HandshakeAllThreads
Event: 1.404 Executing VM operation: HandshakeAllThreads done
Event: 1.522 Executing VM operation: HandshakeAllThreads
Event: 1.535 Executing VM operation: HandshakeAllThreads done
Event: 1.631 Executing VM operation: HandshakeAllThreads
Event: 1.631 Executing VM operation: HandshakeAllThreads done

Events (20 events):
Event: 1.787 loading class com/sun/media/sound/DirectAudioDevice$DirectDL$Balance
Event: 1.787 loading class com/sun/media/sound/DirectAudioDevice$DirectDL$Balance done
Event: 1.787 loading class com/sun/media/sound/DirectAudioDevice$DirectDL$Pan
Event: 1.787 loading class com/sun/media/sound/DirectAudioDevice$DirectDL$Pan done
Event: 1.788 loading class javax/sound/sampled/LineEvent
Event: 1.788 loading class javax/sound/sampled/LineEvent done
Event: 1.788 loading class javax/sound/sampled/LineEvent$Type
Event: 1.790 loading class javax/sound/sampled/LineEvent$Type done
Event: 1.790 loading class com/sun/media/sound/EventDispatcher
Event: 1.790 loading class com/sun/media/sound/EventDispatcher done
Event: 1.790 Thread 0x000001d8ad6c1d50 Thread added: 0x000001d8ad6c1d50
Event: 1.804 Thread 0x000001d8ad6c2260 Thread added: 0x000001d8ad6c2260
Event: 1.825 loading class java/lang/Throwable$WrappedPrintStream
Event: 1.825 loading class java/lang/Throwable$PrintStreamOrWriter
Event: 1.825 loading class java/lang/Throwable$PrintStreamOrWriter done
Event: 1.825 loading class java/lang/Throwable$WrappedPrintStream done
Event: 1.825 loading class java/lang/StackTraceElement$HashedModules
Event: 1.825 loading class java/lang/StackTraceElement$HashedModules done
Event: 1.826 Thread 0x000001d890b592f0 Thread exited: 0x000001d890b592f0
Event: 1.826 Thread 0x000001d8ad6c36a0 Thread added: 0x000001d8ad6c36a0


Dynamic libraries:
0x00007ff72eac0000 - 0x00007ff72eace000 	C:\Users\Ent001\.p2\pool\plugins\org.eclipse.justj.openjdk.hotspot.jre.full.win32.x86_64_17.0.8.v20230831-1047\jre\bin\javaw.exe
0x00007ff93cd30000 - 0x00007ff93cf28000 	C:\WINDOWS\SYSTEM32\ntdll.dll
0x00007ff93b8b0000 - 0x00007ff93b96d000 	C:\WINDOWS\System32\KERNEL32.DLL
0x00007ff93aa30000 - 0x00007ff93ad26000 	C:\WINDOWS\System32\KERNELBASE.dll
0x00007ff93a6d0000 - 0x00007ff93a7d0000 	C:\WINDOWS\System32\ucrtbase.dll
0x00007ff918d30000 - 0x00007ff918d47000 	C:\Users\Ent001\.p2\pool\plugins\org.eclipse.justj.openjdk.hotspot.jre.full.win32.x86_64_17.0.8.v20230831-1047\jre\bin\jli.dll
0x00007ff93c5d0000 - 0x00007ff93c76e000 	C:\WINDOWS\System32\USER32.dll
0x00007ff93ad60000 - 0x00007ff93ad82000 	C:\WINDOWS\System32\win32u.dll
0x00007ff93af50000 - 0x00007ff93af7c000 	C:\WINDOWS\System32\GDI32.dll
0x00007ff93a5b0000 - 0x00007ff93a6ca000 	C:\WINDOWS\System32\gdi32full.dll
0x00007ff93a510000 - 0x00007ff93a5ad000 	C:\WINDOWS\System32\msvcp_win.dll
0x00007ff910900000 - 0x00007ff910919000 	C:\Users\Ent001\.p2\pool\plugins\org.eclipse.justj.openjdk.hotspot.jre.full.win32.x86_64_17.0.8.v20230831-1047\jre\bin\VCRUNTIME140.dll
0x00007ff928cf0000 - 0x00007ff928f8a000 	C:\WINDOWS\WinSxS\amd64_microsoft.windows.common-controls_6595b64144ccf1df_6.0.19041.1110_none_60b5254171f9507e\COMCTL32.dll
0x00007ff93c4a0000 - 0x00007ff93c53e000 	C:\WINDOWS\System32\msvcrt.dll
0x00007ff93c2f0000 - 0x00007ff93c320000 	C:\WINDOWS\System32\IMM32.DLL
0x00007ff93a210000 - 0x00007ff93a249000 	C:\WINDOWS\system32\vmwsci.dll
0x00007ff93ad90000 - 0x00007ff93ad98000 	C:\WINDOWS\System32\PSAPI.DLL
0x00007ff92bec0000 - 0x00007ff92becc000 	C:\Users\Ent001\.p2\pool\plugins\org.eclipse.justj.openjdk.hotspot.jre.full.win32.x86_64_17.0.8.v20230831-1047\jre\bin\vcruntime140_1.dll
0x00007ff90cac0000 - 0x00007ff90cb51000 	C:\Users\Ent001\.p2\pool\plugins\org.eclipse.justj.openjdk.hotspot.jre.full.win32.x86_64_17.0.8.v20230831-1047\jre\bin\msvcp140.dll
0x00007ff8b7150000 - 0x00007ff8b7d9c000 	C:\Users\Ent001\.p2\pool\plugins\org.eclipse.justj.openjdk.hotspot.jre.full.win32.x86_64_17.0.8.v20230831-1047\jre\bin\server\jvm.dll
0x00007ff93c3e0000 - 0x00007ff93c48e000 	C:\WINDOWS\System32\ADVAPI32.dll
0x00007ff93cbf0000 - 0x00007ff93cc8c000 	C:\WINDOWS\System32\sechost.dll
0x00007ff93b100000 - 0x00007ff93b226000 	C:\WINDOWS\System32\RPCRT4.dll
0x00007ff93a270000 - 0x00007ff93a2bb000 	C:\WINDOWS\SYSTEM32\POWRPROF.dll
0x00007ff92c790000 - 0x00007ff92c799000 	C:\WINDOWS\SYSTEM32\WSOCK32.dll
0x00007ff93c220000 - 0x00007ff93c28b000 	C:\WINDOWS\System32\WS2_32.dll
0x00007ff92e370000 - 0x00007ff92e397000 	C:\WINDOWS\SYSTEM32\WINMM.dll
0x00007ff9390c0000 - 0x00007ff9390ca000 	C:\WINDOWS\SYSTEM32\VERSION.dll
0x00007ff93a250000 - 0x00007ff93a262000 	C:\WINDOWS\SYSTEM32\UMPDC.dll
0x00007ff939020000 - 0x00007ff939032000 	C:\WINDOWS\SYSTEM32\kernel.appcore.dll
0x00007ff925a00000 - 0x00007ff925a0a000 	C:\Users\Ent001\.p2\pool\plugins\org.eclipse.justj.openjdk.hotspot.jre.full.win32.x86_64_17.0.8.v20230831-1047\jre\bin\jimage.dll
0x00007ff938310000 - 0x00007ff9384f4000 	C:\WINDOWS\SYSTEM32\DBGHELP.DLL
0x00007ff932c50000 - 0x00007ff932c84000 	C:\WINDOWS\SYSTEM32\dbgcore.DLL
0x00007ff93a840000 - 0x00007ff93a8c2000 	C:\WINDOWS\System32\bcryptPrimitives.dll
0x00007ff90e860000 - 0x00007ff90e885000 	C:\Users\Ent001\.p2\pool\plugins\org.eclipse.justj.openjdk.hotspot.jre.full.win32.x86_64_17.0.8.v20230831-1047\jre\bin\java.dll
0x00007ff91c8b0000 - 0x00007ff91c8c8000 	C:\Users\Ent001\.p2\pool\plugins\org.eclipse.justj.openjdk.hotspot.jre.full.win32.x86_64_17.0.8.v20230831-1047\jre\bin\zip.dll
0x00007ff93b9f0000 - 0x00007ff93c135000 	C:\WINDOWS\System32\SHELL32.dll
0x00007ff937b60000 - 0x00007ff9382fb000 	C:\WINDOWS\SYSTEM32\windows.storage.dll
0x00007ff93c770000 - 0x00007ff93cac4000 	C:\WINDOWS\System32\combase.dll
0x00007ff939d40000 - 0x00007ff939d6e000 	C:\WINDOWS\SYSTEM32\Wldp.dll
0x00007ff93c320000 - 0x00007ff93c3cd000 	C:\WINDOWS\System32\SHCORE.dll
0x00007ff93c140000 - 0x00007ff93c195000 	C:\WINDOWS\System32\shlwapi.dll
0x00007ff93a340000 - 0x00007ff93a365000 	C:\WINDOWS\SYSTEM32\profapi.dll
0x00007ff915850000 - 0x00007ff915869000 	C:\Users\Ent001\.p2\pool\plugins\org.eclipse.justj.openjdk.hotspot.jre.full.win32.x86_64_17.0.8.v20230831-1047\jre\bin\net.dll
0x00007ff934290000 - 0x00007ff93439a000 	C:\WINDOWS\SYSTEM32\WINHTTP.dll
0x00007ff939aa0000 - 0x00007ff939b0a000 	C:\WINDOWS\system32\mswsock.dll
0x00007ff9102d0000 - 0x00007ff9102e5000 	C:\Users\Ent001\.p2\pool\plugins\org.eclipse.justj.openjdk.hotspot.jre.full.win32.x86_64_17.0.8.v20230831-1047\jre\bin\nio.dll
0x00007ff90b860000 - 0x00007ff90b9ee000 	C:\Users\Ent001\.p2\pool\plugins\org.eclipse.justj.openjdk.hotspot.jre.full.win32.x86_64_17.0.8.v20230831-1047\jre\bin\awt.dll
0x00007ff93b030000 - 0x00007ff93b0fd000 	C:\WINDOWS\System32\OLEAUT32.dll
0x00007ff936660000 - 0x00007ff9366f1000 	C:\WINDOWS\SYSTEM32\apphelp.dll
0x00007ff936cc0000 - 0x00007ff936cef000 	C:\WINDOWS\system32\DWMAPI.DLL
0x00007ff936840000 - 0x00007ff9368de000 	C:\WINDOWS\system32\uxtheme.dll
0x00007ff908460000 - 0x00007ff908585000 	C:\WINDOWS\system32\opengl32.dll
0x00007ff90c0c0000 - 0x00007ff90c0ec000 	C:\WINDOWS\SYSTEM32\GLU32.dll
0x00007ff93cad0000 - 0x00007ff93cbe4000 	C:\WINDOWS\System32\MSCTF.dll
0x00007ff93b230000 - 0x00007ff93b35a000 	C:\WINDOWS\System32\ole32.dll
0x00007ff91bc00000 - 0x00007ff91bdcd000 	C:\WINDOWS\system32\d3d9.dll
0x00007ff9221f0000 - 0x00007ff9222f5000 	C:\WINDOWS\System32\DriverStore\FileRepository\nvgridsw.inf_amd64_74f37ad0fe0c30e3\nvldumdx.dll
0x00007ff939ed0000 - 0x00007ff939ee2000 	C:\WINDOWS\SYSTEM32\msasn1.dll
0x00007ff934250000 - 0x00007ff934281000 	C:\WINDOWS\SYSTEM32\cryptnet.dll
0x00007ff93a8d0000 - 0x00007ff93aa2e000 	C:\WINDOWS\System32\CRYPT32.dll
0x00007ff939cb0000 - 0x00007ff939cbc000 	C:\WINDOWS\SYSTEM32\cryptbase.dll
0x00007ff93a7d0000 - 0x00007ff93a837000 	C:\WINDOWS\System32\WINTRUST.DLL
0x00007ff93b9d0000 - 0x00007ff93b9ed000 	C:\WINDOWS\System32\imagehlp.dll
0x00007ff939c90000 - 0x00007ff939ca8000 	C:\WINDOWS\SYSTEM32\CRYPTSP.dll
0x00007ff9393b0000 - 0x00007ff9393e4000 	C:\WINDOWS\system32\rsaenh.dll
0x00007ff93ad30000 - 0x00007ff93ad57000 	C:\WINDOWS\System32\bcrypt.dll
0x00007ff8c4d90000 - 0x00007ff8c69da000 	C:\WINDOWS\System32\DriverStore\FileRepository\nvgridsw.inf_amd64_74f37ad0fe0c30e3\nvd3dumx.dll
0x00007ff934a20000 - 0x00007ff934a5b000 	C:\WINDOWS\SYSTEM32\dxcore.dll
0x00007ff93a410000 - 0x00007ff93a45e000 	C:\WINDOWS\System32\cfgmgr32.dll
0x00007ff93a300000 - 0x00007ff93a32e000 	C:\WINDOWS\SYSTEM32\USERENV.dll
0x00007ff939790000 - 0x00007ff9397cb000 	C:\WINDOWS\SYSTEM32\IPHLPAPI.DLL
0x00007ff93c490000 - 0x00007ff93c498000 	C:\WINDOWS\System32\NSI.dll
0x00007ff934e40000 - 0x00007ff934e57000 	C:\WINDOWS\SYSTEM32\dhcpcsvc6.DLL
0x00007ff934df0000 - 0x00007ff934e0d000 	C:\WINDOWS\SYSTEM32\dhcpcsvc.DLL
0x00007ff9397d0000 - 0x00007ff93989a000 	C:\WINDOWS\SYSTEM32\DNSAPI.dll
0x00007ff905d70000 - 0x00007ff905df6000 	C:\Users\Ent001\.p2\pool\plugins\org.eclipse.justj.openjdk.hotspot.jre.full.win32.x86_64_17.0.8.v20230831-1047\jre\bin\freetype.dll
0x00007ff905bd0000 - 0x00007ff905ca3000 	C:\Users\Ent001\.p2\pool\plugins\org.eclipse.justj.openjdk.hotspot.jre.full.win32.x86_64_17.0.8.v20230831-1047\jre\bin\fontmanager.dll
0x00007ff924f00000 - 0x00007ff924ffa000 	C:\WINDOWS\SYSTEM32\textinputframework.dll
0x00007ff9360c0000 - 0x00007ff93641e000 	C:\WINDOWS\System32\CoreUIComponents.dll
0x00007ff936420000 - 0x00007ff936512000 	C:\WINDOWS\System32\CoreMessaging.dll
0x00007ff9394d0000 - 0x00007ff939503000 	C:\WINDOWS\SYSTEM32\ntmarta.dll
0x00007ff9359f0000 - 0x00007ff935b45000 	C:\WINDOWS\SYSTEM32\wintypes.dll
0x00007ff90bfd0000 - 0x00007ff90bfe1000 	C:\Users\Ent001\.p2\pool\plugins\org.eclipse.justj.openjdk.hotspot.jre.full.win32.x86_64_17.0.8.v20230831-1047\jre\bin\jsound.dll
0x00007ff9042a0000 - 0x00007ff90433c000 	C:\WINDOWS\SYSTEM32\DSOUND.dll
0x00007ff909540000 - 0x00007ff909566000 	C:\WINDOWS\SYSTEM32\winmmbase.dll
0x00007ff93af80000 - 0x00007ff93b029000 	C:\WINDOWS\System32\clbcatq.dll
0x00007ff933440000 - 0x00007ff9334c5000 	C:\WINDOWS\System32\MMDevApi.dll
0x00007ff93a090000 - 0x00007ff93a0c3000 	C:\WINDOWS\System32\DEVOBJ.dll
0x00007ff919830000 - 0x00007ff919876000 	C:\WINDOWS\SYSTEM32\wdmaud.drv
0x00007ff934dc0000 - 0x00007ff934dc9000 	C:\WINDOWS\SYSTEM32\ksuser.dll
0x00007ff924b80000 - 0x00007ff924b8a000 	C:\WINDOWS\SYSTEM32\AVRT.dll
0x00007ff918f30000 - 0x00007ff9190b2000 	C:\WINDOWS\SYSTEM32\AUDIOSES.DLL
0x00007ff922590000 - 0x00007ff92259d000 	C:\WINDOWS\SYSTEM32\msacm32.drv
0x00007ff91b450000 - 0x00007ff91b46e000 	C:\WINDOWS\SYSTEM32\MSACM32.dll
0x00007ff91b440000 - 0x00007ff91b44b000 	C:\WINDOWS\SYSTEM32\midimap.dll
0x00007ff936920000 - 0x00007ff936934000 	C:\WINDOWS\SYSTEM32\resourcepolicyclient.dll

dbghelp: loaded successfully - version: 4.0.5 - missing functions: none
symbol engine: initialized successfully - sym options: 0x614 - pdb path: .;C:\Users\Ent001\.p2\pool\plugins\org.eclipse.justj.openjdk.hotspot.jre.full.win32.x86_64_17.0.8.v20230831-1047\jre\bin;C:\WINDOWS\SYSTEM32;C:\WINDOWS\WinSxS\amd64_microsoft.windows.common-controls_6595b64144ccf1df_6.0.19041.1110_none_60b5254171f9507e;C:\Users\Ent001\.p2\pool\plugins\org.eclipse.justj.openjdk.hotspot.jre.full.win32.x86_64_17.0.8.v20230831-1047\jre\bin\server;C:\WINDOWS\System32\DriverStore\FileRepository\nvgridsw.inf_amd64_74f37ad0fe0c30e3

VM Arguments:
jvm_args: -Dfile.encoding=UTF-8 -Dstdout.encoding=UTF-8 -Dstderr.encoding=UTF-8 --module-path=C:\Users\Ent001\eclipse-workspace\BoulderDash\BoulderDash\bin -XX:+ShowCodeDetailsInExceptionMessages -Djdk.module.main=BoulderDash 
java_command: BoulderDash/main.Main
java_class_path (initial): <not set>
Launcher Type: SUN_STANDARD

[Global flags]
     intx CICompilerCount                          = 2                                         {product} {ergonomic}
     uint ConcGCThreads                            = 1                                         {product} {ergonomic}
     uint G1ConcRefinementThreads                  = 2                                         {product} {ergonomic}
   size_t G1HeapRegionSize                         = 1048576                                   {product} {ergonomic}
    uintx GCDrainStackTargetSize                   = 64                                        {product} {ergonomic}
   size_t InitialHeapSize                          = 100663296                                 {product} {ergonomic}
   size_t MarkStackSize                            = 4194304                                   {product} {ergonomic}
   size_t MaxHeapSize                              = 1610612736                                {product} {ergonomic}
   size_t MaxNewSize                               = 965738496                                 {product} {ergonomic}
   size_t MinHeapDeltaBytes                        = 1048576                                   {product} {ergonomic}
   size_t MinHeapSize                              = 8388608                                   {product} {ergonomic}
    uintx NonNMethodCodeHeapSize                   = 5826188                                {pd product} {ergonomic}
    uintx NonProfiledCodeHeapSize                  = 122916026                              {pd product} {ergonomic}
    uintx ProfiledCodeHeapSize                     = 122916026                              {pd product} {ergonomic}
    uintx ReservedCodeCacheSize                    = 251658240                              {pd product} {ergonomic}
     bool SegmentedCodeCache                       = true                                      {product} {ergonomic}
     bool ShowCodeDetailsInExceptionMessages       = true                                   {manageable} {command line}
   size_t SoftMaxHeapSize                          = 1610612736                             {manageable} {ergonomic}
     bool UseCompressedClassPointers               = true                           {product lp64_product} {ergonomic}
     bool UseCompressedOops                        = true                           {product lp64_product} {ergonomic}
     bool UseG1GC                                  = true                                      {product} {ergonomic}
     bool UseLargePagesIndividualAllocation        = false                                  {pd product} {ergonomic}

Logging:
Log output configuration:
 #0: stdout all=warning uptime,level,tags
 #1: stderr all=off uptime,level,tags

Environment Variables:
PATH=C:/Users/Ent001/.p2/pool/plugins/org.eclipse.justj.openjdk.hotspot.jre.full.win32.x86_64_17.0.8.v20230831-1047/jre/bin/server;C:/Users/Ent001/.p2/pool/plugins/org.eclipse.justj.openjdk.hotspot.jre.full.win32.x86_64_17.0.8.v20230831-1047/jre/bin;C:\Program Files\Common Files\Oracle\Java\javapath;C:\Program Files (x86)\Common Files\Oracle\Java\javapath;C:\Windows\system32;C:\Windows;C:\Windows\System32\Wbem;C:\Windows\System32\WindowsPowerShell\v1.0\;C:\Windows\Microsoft.NET\Framework\v4.0.30319;C:\Program Files (x86)\Brackets\command;C:\Program Files (x86)\IVI Foundation\VISA\WinNT\Bin;C:\Program Files\Microsoft VS Code\bin;C:\WINDOWS\system32;C:\WINDOWS;C:\WINDOWS\System32\Wbem;C:\WINDOWS\System32\WindowsPowerShell\v1.0\;C:\WINDOWS\System32\OpenSSH\;C:\Program Files\Microsoft SQL Server\150\Tools\Binn\;C:\Program Files\Microsoft SQL Server\Client SDK\ODBC\170\Tools\Binn\;C:\Program Files\dotnet\;C:\Program Files\Cloudflare\Cloudflare WARP\;C:\Users\Ent001\AppData\Local\Microsoft\WindowsApps;C:\Users\Ent001\AppData\Local\GitHubDesktop\bin;C:\Users\Ent001\Desktop;
USERNAME=Ent001
OS=Windows_NT
PROCESSOR_IDENTIFIER=Intel64 Family 6 Model 85 Stepping 0, GenuineIntel
TMP=C:\Users\Ent001\AppData\Local\Temp
TEMP=C:\Users\Ent001\AppData\Local\Temp



---------------  S Y S T E M  ---------------

OS:
 Windows 10 , 64 bit Build 19041 (10.0.19041.3393)
OS uptime: 7 days 5:13 hours
VMWare virtualization detected

CPU: total 2 (initial active 2) (2 cores per cpu, 1 threads per core) family 6 model 85 stepping 0 microcode 0x5003604, cx8, cmov, fxsr, mmx, 3dnowpref, sse, sse2, sse3, ssse3, sse4.1, sse4.2, popcnt, lzcnt, tsc, tscinvbit, avx, avx2, aes, erms, clmul, bmi1, bmi2, adx, fma, vzeroupper, clflush, clflushopt, clwb, hv
Processor Information for all 2 processors :
  Max Mhz: 2394, Current Mhz: 2394, Mhz Limit: 2394

Memory: 4k page, system-wide physical 6143M (849M free)
TotalPageFile size 7516M (AvailPageFile size 2M)
current process WorkingSet (physical memory assigned to process): 91M, peak: 91M
current process commit charge ("private bytes"): 203M, peak: 212M

vm_info: OpenJDK 64-Bit Server VM (17.0.8.1+1) for windows-amd64 JRE (17.0.8.1+1), built on Aug 23 2023 15:29:17 by "admin" with MS VC++ 16.7 (VS2019)

END.
